[AS2] Loaded 4 users.
[AS2] Listening on port 8402
[AS2] keyVersion=11
[AS2] AUTH_REQ from alice
[AS2] Sent AUTH_RESP to alice
[AS2] AUTH_REQ from alice
[AS2] Sent AUTH_RESP to alice
[AS2] AUTH_REQ from alice
[AS2] Sent AUTH_RESP to alice
[AS2] AUTH_REQ from alice
[AS2] Sent AUTH_RESP to alice
[AS2] AUTH_REQ from alice
[AS2] Sent AUTH_RESP to alice
[AS2] AUTH_REQ from alice
[AS2] Sent AUTH_RESP to alice
[AS2] AUTH_REQ from alice
[AS2] Sent AUTH_RESP to alice
[AS2] AUTH_REQ from alice
[AS2] Sent AUTH_RESP to alice
[AS2] AUTH_REQ from alice
[AS2] Sent AUTH_RESP to alice
[AS2] AUTH_REQ from alice
[AS2] Sent AUTH_RESP to alice
[AS2] AUTH_REQ from alice
[AS2] Sent AUTH_RESP to alice
[AS2] AUTH_REQ from alice
[AS2] Sent AUTH_RESP to alice
[AS2] AUTH_REQ from alice
[AS2] Sent AUTH_RESP to alice
[AS2] AUTH_REQ from alice
[AS2] Sent AUTH_RESP to alice
[AS2] AUTH_REQ from alice
[AS2] Sent AUTH_RESP to alice
[AS2] AUTH_REQ from alice
[AS2] Sent AUTH_RESP to alice
[AS2] AUTH_REQ from alice
[AS2] Sent AUTH_RESP to alice
[AS2] AUTH_REQ from alice
[AS2] Sent AUTH_RESP to alice
[AS2] AUTH_REQ from alice
[AS2] Sent AUTH_RESP to alice
[AS2] AUTH_REQ from alice
[AS2] Sent AUTH_RESP to alice
[AS2] AUTH_REQ from alice
[AS2] Sent AUTH_RESP to alice
[AS2] AUTH_REQ from alice
[AS2] Sent AUTH_RESP to alice
[AS2] AUTH_REQ from alice
[AS2] Sent AUTH_RESP to alice
[AS2] AUTH_REQ from alice
[AS2] Sent AUTH_RESP to alice
[AS2] AUTH_REQ from alice
[AS2] Sent AUTH_RESP to alice
[AS2] AUTH_REQ from alice
[AS2] Sent AUTH_RESP to alice
[AS2] AUTH_REQ from alice
[AS2] Sent AUTH_RESP to alice
[AS2] AUTH_REQ from alice
[AS2] Sent AUTH_RESP to alice
[AS2] AUTH_REQ from alice
[AS2] Sent AUTH_RESP to alice
[AS2] AUTH_REQ from alice
[AS2] Sent AUTH_RESP to alice
