[TGS1] Loaded 4 services.
[TGS1] Listening on port 8501
[TGS1] keyVersion=11
[TGS1] TGS_REQ from alice for service fileserver
[TGS1] TGT keyVersion read=11
[TGS1] TGS_RESP sent to alice
[TGS1] TGS_REQ from alice for service fileserver
[TGS1] TGT keyVersion read=11
[TGS1] TGS_RESP sent to alice
[TGS1] TGS_REQ from alice for service fileserver
[TGS1] TGT keyVersion read=11
[TGS1] TGS_RESP sent to alice
[TGS1] TGS_REQ from alice for service fileserver
[TGS1] TGT keyVersion read=11
[TGS1] TGS_RESP sent to alice
[TGS1] TGS_REQ from alice for service fileserver
[TGS1] TGT keyVersion read=11
[TGS1] TGS_RESP sent to alice
[TGS1] TGS_REQ from alice for service fileserver
[TGS1] TGT keyVersion read=11
[TGS1] TGS_RESP sent to alice
[TGS1] TGS_REQ from alice for service fileserver
[TGS1] TGT keyVersion read=11
[TGS1] TGS_RESP sent to alice
[TGS1] TGS_REQ from alice for service fileserver
[TGS1] TGT keyVersion read=11
[TGS1] TGS_RESP sent to alice
[TGS1] TGS_REQ from alice for service fileserver
[TGS1] TGT keyVersion read=11
[TGS1] TGS_RESP sent to alice
[TGS1] TGS_REQ from alice for service fileserver
[TGS1] TGT keyVersion read=11
[TGS1] TGS_RESP sent to alice
[TGS1] TGS_REQ from alice for service fileserver
[TGS1] TGT keyVersion read=11
[TGS1] TGS_RESP sent to alice
[TGS1] TGS_REQ from alice for service fileserver
[TGS1] TGT keyVersion read=11
[TGS1] TGS_RESP sent to alice
[TGS1] TGS_REQ from alice for service fileserver
[TGS1] TGT keyVersion read=11
[TGS1] TGS_RESP sent to alice
[TGS1] TGS_REQ from alice for service fileserver
[TGS1] TGT keyVersion read=11
[TGS1] TGS_RESP sent to alice
[TGS1] TGS_REQ from alice for service fileserver
[TGS1] TGT keyVersion read=11
[TGS1] TGS_RESP sent to alice
[TGS1] TGS_REQ from alice for service fileserver
[TGS1] TGT keyVersion read=11
[TGS1] TGS_RESP sent to alice
[TGS1] TGS_REQ from alice for service fileserver
[TGS1] TGT keyVersion read=11
[TGS1] TGS_RESP sent to alice
[TGS1] TGS_REQ from alice for service fileserver
[TGS1] TGT keyVersion read=11
[TGS1] TGS_RESP sent to alice
[TGS1] TGS_REQ from alice for service fileserver
[TGS1] TGT keyVersion read=11
[TGS1] TGS_RESP sent to alice
[TGS1] TGS_REQ from alice for service fileserver
[TGS1] TGT keyVersion read=11
[TGS1] TGS_RESP sent to alice
[TGS1] TGS_REQ from alice for service fileserver
[TGS1] TGT keyVersion read=11
[TGS1] TGS_RESP sent to alice
[TGS1] TGS_REQ from alice for service fileserver
[TGS1] TGT keyVersion read=11
[TGS1] TGS_RESP sent to alice
[TGS1] TGS_REQ from alice for service fileserver
[TGS1] TGT keyVersion read=11
[TGS1] TGS_RESP sent to alice
[TGS1] TGS_REQ from alice for service fileserver
[TGS1] TGT keyVersion read=11
[TGS1] TGS_RESP sent to alice
[TGS1] TGS_REQ from alice for service fileserver
[TGS1] TGT keyVersion read=11
[TGS1] TGS_RESP sent to alice
[TGS1] TGS_REQ from alice for service fileserver
[TGS1] TGT keyVersion read=11
[TGS1] TGS_RESP sent to alice
[TGS1] TGS_REQ from alice for service fileserver
[TGS1] TGT keyVersion read=11
[TGS1] TGS_RESP sent to alice
[TGS1] TGS_REQ from alice for service fileserver
[TGS1] TGT keyVersion read=11
[TGS1] TGS_RESP sent to alice
[TGS1] TGS_REQ from alice for service fileserver
[TGS1] TGT keyVersion read=11
[TGS1] TGS_RESP sent to alice
[TGS1] TGS_REQ from alice for service fileserver
[TGS1] TGT keyVersion read=11
[TGS1] TGS_RESP sent to alice
