[AS1] Loaded 4 users.
[AS1] Listening on port 8201
[AS1] keyVersion=18
[AS1] AUTH_REQ from alice
[AS1] Sent AUTH_RESP to alice
[AS1] AUTH_REQ from alice
[AS1] Sent AUTH_RESP to alice
[AS1] AUTH_REQ from alice
[AS1] Sent AUTH_RESP to alice
[AS1] AUTH_REQ from alice
[AS1] Sent AUTH_RESP to alice
[AS1] AUTH_REQ from alice
[AS1] Sent AUTH_RESP to alice
[AS1] AUTH_REQ from alice
[AS1] Sent AUTH_RESP to alice
[AS1] AUTH_REQ from alice
[AS1] Sent AUTH_RESP to alice
[AS1] AUTH_REQ from alice
[AS1] Sent AUTH_RESP to alice
[AS1] AUTH_REQ from alice
[AS1] Sent AUTH_RESP to alice
[AS1] AUTH_REQ from alice
[AS1] Sent AUTH_RESP to alice
[AS1] AUTH_REQ from alice
[AS1] Sent AUTH_RESP to alice
[AS1] AUTH_REQ from alice
[AS1] Sent AUTH_RESP to alice
[AS1] AUTH_REQ from alice
[AS1] Sent AUTH_RESP to alice
[AS1] AUTH_REQ from alice
[AS1] Sent AUTH_RESP to alice
[AS1] AUTH_REQ from alice
[AS1] Sent AUTH_RESP to alice
[AS1] AUTH_REQ from alice
[AS1] Sent AUTH_RESP to alice
[AS1] AUTH_REQ from alice
[AS1] Sent AUTH_RESP to alice
[AS1] AUTH_REQ from alice
[AS1] Sent AUTH_RESP to alice
[AS1] AUTH_REQ from alice
[AS1] Sent AUTH_RESP to alice
[AS1] AUTH_REQ from alice
[AS1] Sent AUTH_RESP to alice
[AS1] AUTH_REQ from alice
[AS1] Sent AUTH_RESP to alice
[AS1] AUTH_REQ from alice
[AS1] Sent AUTH_RESP to alice
[AS1] AUTH_REQ from alice
[AS1] Sent AUTH_RESP to alice
[AS1] AUTH_REQ from alice
[AS1] Sent AUTH_RESP to alice
[AS1] AUTH_REQ from alice
[AS1] Sent AUTH_RESP to alice
[AS1] AUTH_REQ from alice
[AS1] Sent AUTH_RESP to alice
[AS1] AUTH_REQ from alice
[AS1] Sent AUTH_RESP to alice
[AS1] AUTH_REQ from alice
[AS1] Sent AUTH_RESP to alice
[AS1] AUTH_REQ from alice
[AS1] Sent AUTH_RESP to alice
[AS1] AUTH_REQ from alice
[AS1] Sent AUTH_RESP to alice
[AS1] AUTH_REQ from alice
[AS1] Sent AUTH_RESP to alice
[AS1] AUTH_REQ from alice
[AS1] Sent AUTH_RESP to alice
[AS1] AUTH_REQ from alice
[AS1] Sent AUTH_RESP to alice
[AS1] AUTH_REQ from alice
[AS1] Sent AUTH_RESP to alice
[AS1] AUTH_REQ from alice
[AS1] Sent AUTH_RESP to alice
[AS1] AUTH_REQ from alice
[AS1] Sent AUTH_RESP to alice
[AS1] AUTH_REQ from alice
[AS1] Sent AUTH_RESP to alice
[AS1] AUTH_REQ from alice
[AS1] Sent AUTH_RESP to alice
[AS1] AUTH_REQ from alice
[AS1] Sent AUTH_RESP to alice
[AS1] AUTH_REQ from alice
[AS1] Sent AUTH_RESP to alice
[AS1] AUTH_REQ from alice
[AS1] Sent AUTH_RESP to alice
[AS1] AUTH_REQ from alice
[AS1] Sent AUTH_RESP to alice
[AS1] AUTH_REQ from alice
[AS1] Sent AUTH_RESP to alice
[AS1] AUTH_REQ from alice
[AS1] Sent AUTH_RESP to alice
[AS1] AUTH_REQ from alice
[AS1] Sent AUTH_RESP to alice
[AS1] AUTH_REQ from alice
[AS1] Sent AUTH_RESP to alice
[AS1] AUTH_REQ from alice
[AS1] Sent AUTH_RESP to alice
[AS1] AUTH_REQ from alice
[AS1] Sent AUTH_RESP to alice
[AS1] AUTH_REQ from alice
[AS1] Sent AUTH_RESP to alice
[AS1] AUTH_REQ from alice
[AS1] Sent AUTH_RESP to alice
[AS1] AUTH_REQ from alice
[AS1] Sent AUTH_RESP to alice
[AS1] AUTH_REQ from alice
[AS1] Sent AUTH_RESP to alice
[AS1] AUTH_REQ from alice
[AS1] Sent AUTH_RESP to alice
[AS1] AUTH_REQ from alice
[AS1] Sent AUTH_RESP to alice
[AS1] AUTH_REQ from alice
[AS1] Sent AUTH_RESP to alice
[AS1] AUTH_REQ from alice
[AS1] Sent AUTH_RESP to alice
[AS1] AUTH_REQ from alice
[AS1] Sent AUTH_RESP to alice
[AS1] AUTH_REQ from alice
[AS1] Sent AUTH_RESP to alice
[AS1] AUTH_REQ from alice
[AS1] Sent AUTH_RESP to alice
[AS1] AUTH_REQ from alice
[AS1] Sent AUTH_RESP to alice
