[AS2] Loaded 4 users.
[AS2] Listening on port 8202
[AS2] keyVersion=18
[AS2] AUTH_REQ from alice
[AS2] Sent AUTH_RESP to alice
[AS2] AUTH_REQ from alice
[AS2] Sent AUTH_RESP to alice
[AS2] AUTH_REQ from alice
[AS2] Sent AUTH_RESP to alice
[AS2] AUTH_REQ from alice
[AS2] Sent AUTH_RESP to alice
[AS2] AUTH_REQ from alice
[AS2] Sent AUTH_RESP to alice
[AS2] AUTH_REQ from alice
[AS2] Sent AUTH_RESP to alice
[AS2] AUTH_REQ from alice
[AS2] Sent AUTH_RESP to alice
[AS2] AUTH_REQ from alice
[AS2] Sent AUTH_RESP to alice
[AS2] AUTH_REQ from alice
[AS2] Sent AUTH_RESP to alice
[AS2] AUTH_REQ from alice
[AS2] Sent AUTH_RESP to alice
[AS2] AUTH_REQ from alice
[AS2] Sent AUTH_RESP to alice
[AS2] AUTH_REQ from alice
[AS2] Sent AUTH_RESP to alice
[AS2] AUTH_REQ from alice
[AS2] Sent AUTH_RESP to alice
[AS2] AUTH_REQ from alice
[AS2] Sent AUTH_RESP to alice
[AS2] AUTH_REQ from alice
[AS2] Sent AUTH_RESP to alice
[AS2] AUTH_REQ from alice
[AS2] Sent AUTH_RESP to alice
[AS2] AUTH_REQ from alice
[AS2] Sent AUTH_RESP to alice
[AS2] AUTH_REQ from alice
[AS2] Sent AUTH_RESP to alice
[AS2] AUTH_REQ from alice
[AS2] Sent AUTH_RESP to alice
[AS2] AUTH_REQ from alice
[AS2] Sent AUTH_RESP to alice
[AS2] AUTH_REQ from alice
[AS2] Sent AUTH_RESP to alice
[AS2] AUTH_REQ from alice
[AS2] Sent AUTH_RESP to alice
[AS2] AUTH_REQ from alice
[AS2] Sent AUTH_RESP to alice
[AS2] AUTH_REQ from alice
[AS2] Sent AUTH_RESP to alice
[AS2] AUTH_REQ from alice
[AS2] Sent AUTH_RESP to alice
[AS2] AUTH_REQ from alice
[AS2] Sent AUTH_RESP to alice
[AS2] AUTH_REQ from alice
[AS2] Sent AUTH_RESP to alice
[AS2] AUTH_REQ from alice
[AS2] Sent AUTH_RESP to alice
[AS2] AUTH_REQ from alice
[AS2] Sent AUTH_RESP to alice
[AS2] AUTH_REQ from alice
[AS2] Sent AUTH_RESP to alice
[AS2] AUTH_REQ from alice
[AS2] Sent AUTH_RESP to alice
[AS2] AUTH_REQ from alice
[AS2] Sent AUTH_RESP to alice
[AS2] AUTH_REQ from alice
[AS2] Sent AUTH_RESP to alice
[AS2] AUTH_REQ from alice
[AS2] Sent AUTH_RESP to alice
[AS2] AUTH_REQ from alice
[AS2] Sent AUTH_RESP to alice
[AS2] AUTH_REQ from alice
[AS2] Sent AUTH_RESP to alice
[AS2] AUTH_REQ from alice
[AS2] Sent AUTH_RESP to alice
[AS2] AUTH_REQ from alice
[AS2] Sent AUTH_RESP to alice
[AS2] AUTH_REQ from alice
[AS2] Sent AUTH_RESP to alice
[AS2] AUTH_REQ from alice
[AS2] Sent AUTH_RESP to alice
[AS2] AUTH_REQ from alice
[AS2] Sent AUTH_RESP to alice
[AS2] AUTH_REQ from alice
[AS2] Sent AUTH_RESP to alice
[AS2] AUTH_REQ from alice
[AS2] Sent AUTH_RESP to alice
[AS2] AUTH_REQ from alice
[AS2] Sent AUTH_RESP to alice
[AS2] AUTH_REQ from alice
[AS2] Sent AUTH_RESP to alice
[AS2] AUTH_REQ from alice
[AS2] Sent AUTH_RESP to alice
[AS2] AUTH_REQ from alice
[AS2] Sent AUTH_RESP to alice
[AS2] AUTH_REQ from alice
[AS2] Sent AUTH_RESP to alice
[AS2] AUTH_REQ from alice
[AS2] Sent AUTH_RESP to alice
[AS2] AUTH_REQ from alice
[AS2] Sent AUTH_RESP to alice
[AS2] AUTH_REQ from alice
[AS2] Sent AUTH_RESP to alice
[AS2] AUTH_REQ from alice
[AS2] Sent AUTH_RESP to alice
[AS2] AUTH_REQ from alice
[AS2] Sent AUTH_RESP to alice
[AS2] AUTH_REQ from alice
[AS2] Sent AUTH_RESP to alice
[AS2] AUTH_REQ from alice
[AS2] Sent AUTH_RESP to alice
[AS2] AUTH_REQ from alice
[AS2] Sent AUTH_RESP to alice
[AS2] AUTH_REQ from alice
[AS2] Sent AUTH_RESP to alice
[AS2] AUTH_REQ from alice
[AS2] Sent AUTH_RESP to alice
[AS2] AUTH_REQ from alice
[AS2] Sent AUTH_RESP to alice
[AS2] AUTH_REQ from alice
[AS2] Sent AUTH_RESP to alice
