[AS3] Loaded 4 users.
[AS3] Listening on port 8203
[AS3] keyVersion=18
[AS3] AUTH_REQ from alice
[AS3] Sent AUTH_RESP to alice
[AS3] AUTH_REQ from alice
[AS3] Sent AUTH_RESP to alice
[AS3] AUTH_REQ from alice
[AS3] Sent AUTH_RESP to alice
[AS3] AUTH_REQ from alice
[AS3] Sent AUTH_RESP to alice
[AS3] AUTH_REQ from alice
[AS3] Sent AUTH_RESP to alice
[AS3] AUTH_REQ from alice
[AS3] Sent AUTH_RESP to alice
[AS3] AUTH_REQ from alice
[AS3] Sent AUTH_RESP to alice
[AS3] AUTH_REQ from alice
[AS3] Sent AUTH_RESP to alice
[AS3] AUTH_REQ from alice
[AS3] Sent AUTH_RESP to alice
[AS3] AUTH_REQ from alice
[AS3] Sent AUTH_RESP to alice
[AS3] AUTH_REQ from alice
[AS3] Sent AUTH_RESP to alice
[AS3] AUTH_REQ from alice
[AS3] Sent AUTH_RESP to alice
[AS3] AUTH_REQ from alice
[AS3] Sent AUTH_RESP to alice
[AS3] AUTH_REQ from alice
[AS3] Sent AUTH_RESP to alice
[AS3] AUTH_REQ from alice
[AS3] Sent AUTH_RESP to alice
[AS3] AUTH_REQ from alice
[AS3] Sent AUTH_RESP to alice
[AS3] AUTH_REQ from alice
[AS3] Sent AUTH_RESP to alice
[AS3] AUTH_REQ from alice
[AS3] Sent AUTH_RESP to alice
[AS3] AUTH_REQ from alice
[AS3] Sent AUTH_RESP to alice
[AS3] AUTH_REQ from alice
[AS3] Sent AUTH_RESP to alice
[AS3] AUTH_REQ from alice
[AS3] Sent AUTH_RESP to alice
[AS3] AUTH_REQ from alice
[AS3] Sent AUTH_RESP to alice
[AS3] AUTH_REQ from alice
[AS3] Sent AUTH_RESP to alice
[AS3] AUTH_REQ from alice
[AS3] Sent AUTH_RESP to alice
[AS3] AUTH_REQ from alice
[AS3] Sent AUTH_RESP to alice
[AS3] AUTH_REQ from alice
[AS3] Sent AUTH_RESP to alice
[AS3] AUTH_REQ from alice
[AS3] Sent AUTH_RESP to alice
[AS3] AUTH_REQ from alice
[AS3] Sent AUTH_RESP to alice
[AS3] AUTH_REQ from alice
[AS3] Sent AUTH_RESP to alice
[AS3] AUTH_REQ from alice
[AS3] Sent AUTH_RESP to alice
[AS3] AUTH_REQ from alice
[AS3] Sent AUTH_RESP to alice
[AS3] AUTH_REQ from alice
[AS3] Sent AUTH_RESP to alice
[AS3] AUTH_REQ from alice
[AS3] Sent AUTH_RESP to alice
[AS3] AUTH_REQ from alice
[AS3] Sent AUTH_RESP to alice
[AS3] AUTH_REQ from alice
[AS3] Sent AUTH_RESP to alice
[AS3] AUTH_REQ from alice
[AS3] Sent AUTH_RESP to alice
[AS3] AUTH_REQ from alice
[AS3] Sent AUTH_RESP to alice
[AS3] AUTH_REQ from alice
[AS3] Sent AUTH_RESP to alice
[AS3] AUTH_REQ from alice
[AS3] Sent AUTH_RESP to alice
[AS3] AUTH_REQ from alice
[AS3] Sent AUTH_RESP to alice
[AS3] AUTH_REQ from alice
[AS3] Sent AUTH_RESP to alice
[AS3] AUTH_REQ from alice
[AS3] Sent AUTH_RESP to alice
[AS3] AUTH_REQ from alice
[AS3] Sent AUTH_RESP to alice
[AS3] AUTH_REQ from alice
[AS3] Sent AUTH_RESP to alice
[AS3] AUTH_REQ from alice
[AS3] Sent AUTH_RESP to alice
[AS3] AUTH_REQ from alice
[AS3] Sent AUTH_RESP to alice
[AS3] AUTH_REQ from alice
[AS3] Sent AUTH_RESP to alice
[AS3] AUTH_REQ from alice
[AS3] Sent AUTH_RESP to alice
[AS3] AUTH_REQ from alice
[AS3] Sent AUTH_RESP to alice
[AS3] AUTH_REQ from alice
[AS3] Sent AUTH_RESP to alice
[AS3] AUTH_REQ from alice
[AS3] Sent AUTH_RESP to alice
[AS3] AUTH_REQ from alice
[AS3] Sent AUTH_RESP to alice
[AS3] AUTH_REQ from alice
[AS3] Sent AUTH_RESP to alice
[AS3] AUTH_REQ from alice
[AS3] Sent AUTH_RESP to alice
[AS3] AUTH_REQ from alice
[AS3] Sent AUTH_RESP to alice
[AS3] AUTH_REQ from alice
[AS3] Sent AUTH_RESP to alice
[AS3] AUTH_REQ from alice
[AS3] Sent AUTH_RESP to alice
[AS3] AUTH_REQ from alice
[AS3] Sent AUTH_RESP to alice
[AS3] AUTH_REQ from alice
[AS3] Sent AUTH_RESP to alice
[AS3] AUTH_REQ from alice
[AS3] Sent AUTH_RESP to alice
