[TGS1] Loaded 4 services.
[TGS1] Listening on port 8301
[TGS1] keyVersion=18
[TGS1] TGS_REQ from alice for service fileserver
[TGS1] TGT keyVersion read=18
[TGS1] TGS_RESP sent to alice
[TGS1] TGS_REQ from alice for service fileserver
[TGS1] TGT keyVersion read=18
[TGS1] TGS_RESP sent to alice
[TGS1] TGS_REQ from alice for service fileserver
[TGS1] TGT keyVersion read=18
[TGS1] TGS_RESP sent to alice
[TGS1] TGS_REQ from alice for service fileserver
[TGS1] TGT keyVersion read=18
[TGS1] TGS_RESP sent to alice
[TGS1] TGS_REQ from alice for service fileserver
[TGS1] TGT keyVersion read=18
[TGS1] TGS_RESP sent to alice
[TGS1] TGS_REQ from alice for service fileserver
[TGS1] TGT keyVersion read=18
[TGS1] TGS_RESP sent to alice
[TGS1] TGS_REQ from alice for service fileserver
[TGS1] TGT keyVersion read=18
[TGS1] TGS_RESP sent to alice
[TGS1] TGS_REQ from alice for service fileserver
[TGS1] TGT keyVersion read=18
[TGS1] TGS_RESP sent to alice
[TGS1] TGS_REQ from alice for service fileserver
[TGS1] TGT keyVersion read=18
[TGS1] TGS_RESP sent to alice
[TGS1] TGS_REQ from alice for service fileserver
[TGS1] TGT keyVersion read=18
[TGS1] TGS_RESP sent to alice
[TGS1] TGS_REQ from alice for service fileserver
[TGS1] TGT keyVersion read=18
[TGS1] TGS_RESP sent to alice
[TGS1] TGS_REQ from alice for service fileserver
[TGS1] TGT keyVersion read=18
[TGS1] TGS_RESP sent to alice
[TGS1] TGS_REQ from alice for service fileserver
[TGS1] TGT keyVersion read=18
[TGS1] TGS_RESP sent to alice
[TGS1] TGS_REQ from alice for service fileserver
[TGS1] TGT keyVersion read=18
[TGS1] TGS_RESP sent to alice
[TGS1] TGS_REQ from alice for service fileserver
[TGS1] TGT keyVersion read=18
[TGS1] TGS_RESP sent to alice
[TGS1] TGS_REQ from alice for service fileserver
[TGS1] TGT keyVersion read=18
[TGS1] TGS_RESP sent to alice
[TGS1] TGS_REQ from alice for service fileserver
[TGS1] TGT keyVersion read=18
[TGS1] TGS_RESP sent to alice
[TGS1] TGS_REQ from alice for service fileserver
[TGS1] TGT keyVersion read=18
[TGS1] TGS_RESP sent to alice
[TGS1] TGS_REQ from alice for service fileserver
[TGS1] TGT keyVersion read=18
[TGS1] TGS_RESP sent to alice
[TGS1] TGS_REQ from alice for service fileserver
[TGS1] TGT keyVersion read=18
[TGS1] TGS_RESP sent to alice
[TGS1] TGS_REQ from alice for service fileserver
[TGS1] TGT keyVersion read=18
[TGS1] TGS_RESP sent to alice
[TGS1] TGS_REQ from alice for service fileserver
[TGS1] TGT keyVersion read=18
[TGS1] TGS_RESP sent to alice
[TGS1] TGS_REQ from alice for service fileserver
[TGS1] TGT keyVersion read=18
[TGS1] TGS_RESP sent to alice
[TGS1] TGS_REQ from alice for service fileserver
[TGS1] TGT keyVersion read=18
[TGS1] TGS_RESP sent to alice
[TGS1] TGS_REQ from alice for service fileserver
[TGS1] TGT keyVersion read=18
[TGS1] TGS_RESP sent to alice
[TGS1] TGS_REQ from alice for service fileserver
[TGS1] TGT keyVersion read=18
[TGS1] TGS_RESP sent to alice
[TGS1] TGS_REQ from alice for service fileserver
[TGS1] TGT keyVersion read=18
[TGS1] TGS_RESP sent to alice
[TGS1] TGS_REQ from alice for service fileserver
[TGS1] TGT keyVersion read=18
[TGS1] TGS_RESP sent to alice
[TGS1] TGS_REQ from alice for service fileserver
[TGS1] TGT keyVersion read=18
[TGS1] TGS_RESP sent to alice
[TGS1] TGS_REQ from alice for service fileserver
[TGS1] TGT keyVersion read=18
[TGS1] TGS_RESP sent to alice
[TGS1] TGS_REQ from alice for service fileserver
[TGS1] TGT keyVersion read=18
[TGS1] TGS_RESP sent to alice
[TGS1] TGS_REQ from alice for service fileserver
[TGS1] TGT keyVersion read=18
[TGS1] TGS_RESP sent to alice
[TGS1] TGS_REQ from alice for service fileserver
[TGS1] TGT keyVersion read=18
[TGS1] TGS_RESP sent to alice
[TGS1] TGS_REQ from alice for service fileserver
[TGS1] TGT keyVersion read=18
[TGS1] TGS_RESP sent to alice
[TGS1] TGS_REQ from alice for service fileserver
[TGS1] TGT keyVersion read=18
[TGS1] TGS_RESP sent to alice
[TGS1] TGS_REQ from alice for service fileserver
[TGS1] TGT keyVersion read=18
[TGS1] TGS_RESP sent to alice
[TGS1] TGS_REQ from alice for service fileserver
[TGS1] TGT keyVersion read=18
[TGS1] TGS_RESP 