[TGS2] Loaded 4 services.
[TGS2] Listening on port 8302
[TGS2] keyVersion=18
[TGS2] TGS_REQ from alice for service fileserver
[TGS2] TGT keyVersion read=18
[TGS2] TGS_RESP sent to alice
[TGS2] TGS_REQ from alice for service fileserver
[TGS2] TGT keyVersion read=18
[TGS2] TGS_RESP sent to alice
[TGS2] TGS_REQ from alice for service fileserver
[TGS2] TGT keyVersion read=18
[TGS2] TGS_RESP sent to alice
[TGS2] TGS_REQ from alice for service fileserver
[TGS2] TGT keyVersion read=18
[TGS2] TGS_RESP sent to alice
[TGS2] TGS_REQ from alice for service fileserver
[TGS2] TGT keyVersion read=18
[TGS2] TGS_RESP sent to alice
[TGS2] TGS_REQ from alice for service fileserver
[TGS2] TGT keyVersion read=18
[TGS2] TGS_RESP sent to alice
[TGS2] TGS_REQ from alice for service fileserver
[TGS2] TGT keyVersion read=18
[TGS2] TGS_RESP sent to alice
[TGS2] TGS_REQ from alice for service fileserver
[TGS2] TGT keyVersion read=18
[TGS2] TGS_RESP sent to alice
[TGS2] TGS_REQ from alice for service fileserver
[TGS2] TGT keyVersion read=18
[TGS2] TGS_RESP sent to alice
[TGS2] TGS_REQ from alice for service fileserver
[TGS2] TGT keyVersion read=18
[TGS2] TGS_RESP sent to alice
[TGS2] TGS_REQ from alice for service fileserver
[TGS2] TGT keyVersion read=18
[TGS2] TGS_RESP sent to alice
[TGS2] TGS_REQ from alice for service fileserver
[TGS2] TGT keyVersion read=18
[TGS2] TGS_RESP sent to alice
[TGS2] TGS_REQ from alice for service fileserver
[TGS2] TGT keyVersion read=18
[TGS2] TGS_RESP sent to alice
[TGS2] TGS_REQ from alice for service fileserver
[TGS2] TGT keyVersion read=18
[TGS2] TGS_RESP sent to alice
[TGS2] TGS_REQ from alice for service fileserver
[TGS2] TGT keyVersion read=18
[TGS2] TGS_RESP sent to alice
[TGS2] TGS_REQ from alice for service fileserver
[TGS2] TGT keyVersion read=18
[TGS2] TGS_RESP sent to alice
[TGS2] TGS_REQ from alice for service fileserver
[TGS2] TGT keyVersion read=18
[TGS2] TGS_RESP sent to alice
[TGS2] TGS_REQ from alice for service fileserver
[TGS2] TGT keyVersion read=18
[TGS2] TGS_RESP sent to alice
[TGS2] TGS_REQ from alice for service fileserver
[TGS2] TGT keyVersion read=18
[TGS2] TGS_RESP sent to alice
[TGS2] TGS_REQ from alice for service fileserver
[TGS2] TGT keyVersion read=18
[TGS2] TGS_RESP sent to alice
[TGS2] TGS_REQ from alice for service fileserver
[TGS2] TGT keyVersion read=18
[TGS2] TGS_RESP sent to alice
[TGS2] TGS_REQ from alice for service fileserver
[TGS2] TGT keyVersion read=18
[TGS2] TGS_RESP sent to alice
[TGS2] TGS_REQ from alice for service fileserver
[TGS2] TGT keyVersion read=18
[TGS2] TGS_RESP sent to alice
[TGS2] TGS_REQ from alice for service fileserver
[TGS2] TGT keyVersion read=18
[TGS2] TGS_RESP sent to alice
[TGS2] TGS_REQ from alice for service fileserver
[TGS2] TGT keyVersion read=18
[TGS2] TGS_RESP sent to alice
[TGS2] TGS_REQ from alice for service fileserver
[TGS2] TGT keyVersion read=18
[TGS2] TGS_RESP sent to alice
[TGS2] TGS_REQ from alice for service fileserver
[TGS2] TGT keyVersion read=18
[TGS2] TGS_RESP sent to alice
[TGS2] TGS_REQ from alice for service fileserver
[TGS2] TGT keyVersion read=18
[TGS2] TGS_RESP sent to alice
[TGS2] TGS_REQ from alice for service fileserver
[TGS2] TGT keyVersion read=18
[TGS2] TGS_RESP sent to alice
[TGS2] TGS_REQ from alice for service fileserver
[TGS2] TGT keyVersion read=18
[TGS2] TGS_RESP sent to alice
[TGS2] TGS_REQ from alice for service fileserver
[TGS2] TGT keyVersion read=18
[TGS2] TGS_RESP sent to alice
[TGS2] TGS_REQ from alice for service fileserver
[TGS2] TGT keyVersion read=18
[TGS2] TGS_RESP sent to alice
[TGS2] TGS_REQ from alice for service fileserver
[TGS2] TGT keyVersion read=18
[TGS2] TGS_RESP sent to alice
[TGS2] TGS_REQ from alice for service fileserver
[TGS2] TGT keyVersion read=18
[TGS2] TGS_RESP sent to alice
[TGS2] TGS_REQ from alice for service fileserver
[TGS2] TGT keyVersion read=18
[TGS2] TGS_RESP sent to alice
[TGS2] TGS_REQ from alice for service fileserver
[TGS2] TGT keyVersion read=18
[TGS2] TGS_RESP sent to alice
[TGS2] TGS_REQ from alice for service fileserver
[TGS2] TGT keyVersion read=18
[TGS2] TGS_RESP sent to alice
[TGS2] TGS_REQ from alice for service fileserver
[TGS2] TGT keyVersion read=18
[TGS2] TGS_RESP sent to alice
[TGS2] TGS_REQ from alice for service fileserver
[TGS2] TGT keyVersion read=18
[TGS2] TGS_RESP sent to alice
[TGS2] TGS_REQ from alice for service fileserver
[TGS2] TGT keyVersion read=18
[TGS2] TGS_RESP sent to alice
[TGS2] TGS_REQ from alice for service fileserver
[TGS2] TGT keyVersion read=18
[TGS2] TGS_RESP sent to alice
[TGS2] TGS_REQ from alice for service fileserver
[TGS2] TGT keyVersion read=18
[TGS2] TGS_RESP sent to alice
[TGS2] TGS_REQ from alice for service fileserver
[TGS2] TGT keyVersion read=18
[TGS2] TGS_RESP sent to alice
[TGS2] TGS_REQ from alice for service fileserver
[TGS2] TGT keyVersion read=18
[TGS2] TGS_RESP sent to alice
[TGS2] TGS_REQ from alice for service fileserver
[TGS2] TGT keyVersion read=18
[TGS2] TGS_RESP sent to alice
[TGS2] TGS_REQ from alice for service fileserver
[TGS2] TGT keyVersion read=18
[TGS2] TGS_RESP sent to alice
[TGS2] TGS_REQ from alice for service fileserver
[TGS2] TGT keyVersion read=18
[TGS2] TGS_RESP sent to alice
[TGS2] TGS_REQ from alice for service fileserver
[TGS2] TGT keyVersion read=18
[TGS2] TGS_RESP sent to alice
[TGS2] TGS_REQ from alice for service fileserver
[TGS2] TGT keyVersion read=18
[TGS2] TGS_RESP sent to alice
[TGS2] TGS_REQ from alice for service fileserver
[TGS2] TGT keyVersion read=18
[TGS2] TGS_RESP sent to alice
[TGS2] TGS_REQ from alice for service fileserver
[TGS2] TGT keyVersion read=18
[TGS2] TGS_RESP sent to alice
[TGS2] TGS_REQ from alice for service fileserver
[TGS2] TGT keyVersion read=18
[TGS2] TGS_RESP sent to alice
[TGS2] TGS_REQ from alice for service fileserver
[TGS2] TGT keyVersion read=18
[TGS2] TGS_RESP sent to alice
[TGS2] TGS_REQ from alice for service fileserver
[TGS2] TGT keyVersion read=18
[TGS2] TGS_RESP sent to alice
[TGS2] TGS_REQ from alice for service fileserver
[TGS2] TGT keyVersion read=18
[TGS2] TGS_RESP sent to alice
[TGS2] TGS_REQ from alice for service fileserver
[TGS2] TGT keyVersion read=18
[TGS2] TGS_RESP sent to alice
[TGS2] TGS_REQ from alice for service fileserver
[TGS2] TGT keyVersion read=18
[TGS2] TGS_RESP sent to alice
[TGS2] TGS_REQ from alice for service fileserver
[TGS2] TGT keyVersion read=18
[TGS2] TGS_RESP sent to alice
[TGS2] TGS_REQ from alice for service fileserver
[TGS2] TGT keyVersion read=18
[TGS2] TGS_RESP sent to alice
[TGS2] TGS_REQ from alice for service fileserver
[TGS2] TGT keyVersion read=18
[TGS2] TGS_RESP sent to alice
