[TGS3] Loaded 4 services.
[TGS3] Listening on port 8303
[TGS3] keyVersion=18
[TGS3] TGS_REQ from alice for service fileserver
[TGS3] TGT keyVersion read=18
[TGS3] TGS_RESP sent to alice
[TGS3] TGS_REQ from alice for service fileserver
[TGS3] TGT keyVersion read=18
[TGS3] TGS_RESP sent to alice
[TGS3] TGS_REQ from alice for service fileserver
[TGS3] TGT keyVersion read=18
[TGS3] TGS_RESP sent to alice
[TGS3] TGS_REQ from alice for service fileserver
[TGS3] TGT keyVersion read=18
[TGS3] TGS_RESP sent to alice
[TGS3] TGS_REQ from alice for service fileserver
[TGS3] TGT keyVersion read=18
[TGS3] TGS_RESP sent to alice
[TGS3] TGS_REQ from alice for service fileserver
[TGS3] TGT keyVersion read=18
[TGS3] TGS_RESP sent to alice
[TGS3] TGS_REQ from alice for service fileserver
[TGS3] TGT keyVersion read=18
[TGS3] TGS_RESP sent to alice
[TGS3] TGS_REQ from alice for service fileserver
[TGS3] TGT keyVersion read=18
[TGS3] TGS_RESP sent to alice
[TGS3] TGS_REQ from alice for service fileserver
[TGS3] TGT keyVersion read=18
[TGS3] TGS_RESP sent to alice
[TGS3] TGS_REQ from alice for service fileserver
[TGS3] TGT keyVersion read=18
[TGS3] TGS_RESP sent to alice
[TGS3] TGS_REQ from alice for service fileserver
[TGS3] TGT keyVersion read=18
[TGS3] TGS_RESP sent to alice
[TGS3] TGS_REQ from alice for service fileserver
[TGS3] TGT keyVersion read=18
[TGS3] TGS_RESP sent to alice
[TGS3] TGS_REQ from alice for service fileserver
[TGS3] TGT keyVersion read=18
[TGS3] TGS_RESP sent to alice
[TGS3] TGS_REQ from alice for service fileserver
[TGS3] TGT keyVersion read=18
[TGS3] TGS_RESP sent to alice
[TGS3] TGS_REQ from alice for service fileserver
[TGS3] TGT keyVersion read=18
[TGS3] TGS_RESP sent to alice
[TGS3] TGS_REQ from alice for service fileserver
[TGS3] TGT keyVersion read=18
[TGS3] TGS_RESP sent to alice
[TGS3] TGS_REQ from alice for service fileserver
[TGS3] TGT keyVersion read=18
[TGS3] TGS_RESP sent to alice
[TGS3] TGS_REQ from alice for service fileserver
[TGS3] TGT keyVersion read=18
[TGS3] TGS_RESP sent to alice
[TGS3] TGS_REQ from alice for service fileserver
[TGS3] TGT keyVersion read=18
[TGS3] TGS_RESP sent to alice
[TGS3] TGS_REQ from alice for service fileserver
[TGS3] TGT keyVersion read=18
[TGS3] TGS_RESP sent to alice
[TGS3] TGS_REQ from alice for service fileserver
[TGS3] TGT keyVersion read=18
[TGS3] TGS_RESP sent to alice
[TGS3] TGS_REQ from alice for service fileserver
[TGS3] TGT keyVersion read=18
[TGS3] TGS_RESP sent to alice
[TGS3] TGS_REQ from alice for service fileserver
[TGS3] TGT keyVersion read=18
[TGS3] TGS_RESP sent to alice
[TGS3] TGS_REQ from alice for service fileserver
[TGS3] TGT keyVersion read=18
[TGS3] TGS_RESP sent to alice
[TGS3] TGS_REQ from alice for service fileserver
[TGS3] TGT keyVersion read=18
[TGS3] TGS_RESP sent to alice
[TGS3] TGS_REQ from alice for service fileserver
[TGS3] TGT keyVersion read=18
[TGS3] TGS_RESP sent to alice
[TGS3] TGS_REQ from alice for service fileserver
[TGS3] TGT keyVersion read=18
[TGS3] TGS_RESP sent to alice
[TGS3] TGS_REQ from alice for service fileserver
[TGS3] TGT keyVersion read=18
[TGS3] TGS_RESP sent to alice
[TGS3] TGS_REQ from alice for service fileserver
[TGS3] TGT keyVersion read=18
[TGS3] TGS_RESP sent to alice
[TGS3] TGS_REQ from alice for service fileserver
[TGS3] TGT keyVersion read=18
[TGS3] TGS_RESP sent to alice
[TGS3] TGS_REQ from alice for service fileserver
[TGS3] TGT keyVersion read=18
[TGS3] TGS_RESP sent to alice
[TGS3] TGS_REQ from alice for service fileserver
[TGS3] TGT keyVersion read=18
[TGS3] TGS_RESP sent to alice
[TGS3] TGS_REQ from alice for service fileserver
[TGS3] TGT keyVersion read=18
[TGS3] TGS_RESP sent to alice
[TGS3] TGS_REQ from alice for service fileserver
[TGS3] TGT keyVersion read=18
[TGS3] TGS_RESP sent to alice
[TGS3] TGS_REQ from alice for service fileserver
[TGS3] TGT keyVersion read=18
[TGS3] TGS_RESP sent to alice
[TGS3] TGS_REQ from alice for service fileserver
[TGS3] TGT keyVersion read=18
[TGS3] TGS_RESP sent to alice
[TGS3] TGS_REQ from alice for service fileserver
[TGS3] TGT keyVersion read=18
[TGS3] TGS_RESP sent to alice
[TGS3] TGS_REQ from alice for service fileserver
[TGS3] TGT keyVersion read=18
[TGS3] TGS_RESP sent to alice
[TGS3] TGS_REQ from alice for service fileserver
[TGS3] TGT keyVersion read=18
[TGS3] TGS_RESP sent to alice
[TGS3] TGS_REQ from alice for service fileserver
[TGS3] TGT keyVersion read=18
[TGS3] TGS_RESP sent to alice
[TGS3] TGS_REQ from alice for service fileserver
[TGS3] TGT keyVersion read=18
[TGS3] TGS_RESP sent to alice
[TGS3] TGS_REQ from alice for service fileserver
[TGS3] TGT keyVersion read=18
[TGS3] TGS_RESP sent to alice
[TGS3] TGS_REQ from alice for service fileserver
[TGS3] TGT keyVersion read=18
[TGS3] TGS_RESP sent to alice
[TGS3] TGS_REQ from alice for service fileserver
[TGS3] TGT keyVersion read=18
[TGS3] TGS_RESP sent to alice
[TGS3] TGS_REQ from alice for service fileserver
[TGS3] TGT keyVersion read=18
[TGS3] TGS_RESP sent to alice
[TGS3] TGS_REQ from alice for service fileserver
[TGS3] TGT keyVersion read=18
[TGS3] TGS_RESP sent to alice
[TGS3] TGS_REQ from alice for service fileserver
[TGS3] TGT keyVersion read=18
[TGS3] TGS_RESP sent to alice
[TGS3] TGS_REQ from alice for service fileserver
[TGS3] TGT keyVersion read=18
[TGS3] TGS_RESP sent to alice
[TGS3] TGS_REQ from alice for service fileserver
[TGS3] TGT keyVersion read=18
[TGS3] TGS_RESP sent to alice
[TGS3] TGS_REQ from alice for service fileserver
[TGS3] TGT keyVersion read=18
[TGS3] TGS_RESP sent to alice
[TGS3] TGS_REQ from alice for service fileserver
[TGS3] TGT keyVersion read=18
[TGS3] TGS_RESP sent to alice
[TGS3] TGS_REQ from alice for service fileserver
[TGS3] TGT keyVersion read=18
[TGS3] TGS_RESP sent to alice
[TGS3] TGS_REQ from alice for service fileserver
[TGS3] TGT keyVersion read=18
[TGS3] TGS_RESP sent to alice
[TGS3] TGS_REQ from alice for service fileserver
[TGS3] TGT keyVersion read=18
[TGS3] TGS_RESP sent to alice
[TGS3] TGS_REQ from alice for service fileserver
[TGS3] TGT keyVersion read=18
[TGS3] TGS_RESP sent to alice
[TGS3] TGS_REQ from alice for service fileserver
[TGS3] TGT keyVersion read=18
[TGS3] TGS_RESP sent to alice
[TGS3] TGS_REQ from alice for service fileserver
[TGS3] TGT keyVersion read=18
[TGS3] TGS_RESP sent to alice
[TGS3] TGS_REQ from alice for service fileserver
[TGS3] TGT keyVersion read=18
[TGS3] TGS_RESP sent to alice
[TGS3] TGS_REQ from alice for service fileserver
[TGS3] TGT keyVersion read=18
[TGS3] TGS_RESP sent to alice
[TGS3] TGS_REQ from alice for service fileserver
[TGS3] TGT keyVersion read=18
[TGS3] TGS_RESP sent to alice
