[AS1] Loaded 4 users.
[AS1] Listening on port 8401
[AS1] keyVersion=19
[AS1] AUTH_REQ from alice
[AS1] Sent AUTH_RESP to alice
[AS1] AUTH_REQ from alice
[AS1] Sent AUTH_RESP to alice
[AS1] AUTH_REQ from alice
[AS1] Sent AUTH_RESP to alice
[AS1] AUTH_REQ from alice
[AS1] Sent AUTH_RESP to alice
[AS1] AUTH_REQ from alice
[AS1] Sent AUTH_RESP to alice
[AS1] AUTH_REQ from alice
[AS1] Sent AUTH_RESP to alice
[AS1] AUTH_REQ from alice
[AS1] Sent AUTH_RESP to alice
[AS1] AUTH_REQ from alice
[AS1] Sent AUTH_RESP to alice
[AS1] AUTH_REQ from alice
[AS1] Sent AUTH_RESP to alice
[AS1] AUTH_REQ from alice
[AS1] Sent AUTH_RESP to alice
[AS1] AUTH_REQ from alice
[AS1] Sent AUTH_RESP to alice
[AS1] AUTH_REQ from alice
[AS1] Sent AUTH_RESP to alice
