[TGS2] Loaded 4 services.
[TGS2] Listening on port 8502
[TGS2] keyVersion=19
[TGS2] TGS_REQ from alice for service fileserver
[TGS2] TGT keyVersion read=19
[TGS2] TGS_RESP sent to alice
[TGS2] TGS_REQ from alice for service fileserver
[TGS2] TGT keyVersion read=19
[TGS2] TGS_RESP sent to alice
[TGS2] TGS_REQ from alice for service fileserver
[TGS2] TGT keyVersion read=19
[TGS2] TGS_RESP sent to alice
[TGS2] TGS_REQ from alice for service fileserver
[TGS2] TGT keyVersion read=19
[TGS2] TGS_RESP sent to alice
[TGS2] TGS_REQ from alice for service fileserver
[TGS2] TGT keyVersion read=19
[TGS2] TGS_RESP sent to alice
[TGS2] TGS_REQ from alice for service fileserver
[TGS2] TGT keyVersion read=19
[TGS2] TGS_RESP sent to alice
[TGS2] TGS_REQ from alice for service fileserver
[TGS2] TGT keyVersion read=19
[TGS2] TGS_RESP sent to alice
[TGS2] TGS_REQ from alice for service fileserver
[TGS2] TGT keyVersion read=19
[TGS2] TGS_RESP sent to alice
[TGS2] TGS_REQ from alice for service fileserver
[TGS2] TGT keyVersion read=19
[TGS2] TGS_RESP sent to alice
[TGS2] TGS_REQ from alice for service fileserver
[TGS2] TGT keyVersion read=19
[TGS2] TGS_RESP sent to alice
[TGS2] TGS_REQ from alice for service fileserver
[TGS2] TGT keyVersion read=19
[TGS2] TGS_RESP sent to alice
[TGS2] TGS_REQ from alice for service fileserver
[TGS2] TGT keyVersion read=19
[TGS2] TGS_RESP sent to alice
